<?xml version="1.0" encoding="UTF-8"?>
<!-- Generated by org.testng.reporters.JUnitReportReporter -->
<testsuite hostname="Abdullahs-MBP" failures="0" tests="1" name="testCases.demoTest" time="64.983" errors="0" timestamp="2023-06-15T01:48:33 EDT" skipped="0">
  <testcase classname="testCases.demoTest" name="demoTesting" time="64.983"/>
  <system-out/>
</testsuite> <!-- testCases.demoTest -->
